In file included from [01m[K/opt/ros/noetic/include/ros/ros.h:40[m[K,
                 from [01m[K/home/lin/Workspaces/Programming-for-Robotics-ROS/smb_ws/src/smb_highlevel_controller/include/smb_highlevel_controller/SmbHighlevelController.hpp:3[m[K,
                 from [01m[K/home/lin/Workspaces/Programming-for-Robotics-ROS/smb_ws/src/smb_highlevel_controller/src/SmbHighlevelController.cpp:1[m[K:
[01m[K/home/lin/Workspaces/Programming-for-Robotics-ROS/smb_ws/src/smb_highlevel_controller/src/SmbHighlevelController.cpp:[m[K In member function â€˜[01m[Kvoid smb_highlevel_controller::SmbHighlevelController::topicCallback(const ConstPtr&)[m[Kâ€™:
[01m[K/home/lin/Workspaces/Programming-for-Robotics-ROS/smb_ws/src/smb_highlevel_controller/src/SmbHighlevelController.cpp:67:50:[m[K [01;31m[Kerror: [m[Kâ€˜[01m[Kconst ConstPtr[m[Kâ€™ {aka â€˜[01m[Kconst class boost::shared_ptr<const sensor_msgs::LaserScan_<std::allocator<void> > >[m[Kâ€™} has no member named â€˜[01m[Kangular[m[Kâ€™
   67 |     ROS_INFO("angular velocity command: %f", msg.[01;31m[Kangular[m[K.z);
      |                                                  [01;31m[K^~~~~~~[m[K
[01m[K/opt/ros/noetic/include/ros/console.h:351:165:[m[K [01;36m[Knote: [m[Kin definition of macro â€˜[01m[KROSCONSOLE_PRINT_AT_LOCATION_WITH_FILTER[m[Kâ€™
  351 |     ::ros::console::print(filter, __rosconsole_define_location__loc.logger_, __rosconsole_define_location__loc.level_, __FILE__, __LINE__, __ROSCONSOLE_FUNCTION__, [01;36m[K__VA_ARGS__[m[K)
      |                                                                                                                                                                     [01;36m[K^~~~~~~~~~~[m[K
[01m[K/opt/ros/noetic/include/ros/console.h:390:7:[m[K [01;36m[Knote: [m[Kin expansion of macro â€˜[01m[KROSCONSOLE_PRINT_AT_LOCATION[m[Kâ€™
  390 |       [01;36m[KROSCONSOLE_PRINT_AT_LOCATION[m[K(__VA_ARGS__); \
      |       [01;36m[K^~~~~~~~~~~~~~~~~~~~~~~~~~~~[m[K
[01m[K/opt/ros/noetic/include/ros/console.h:575:35:[m[K [01;36m[Knote: [m[Kin expansion of macro â€˜[01m[KROS_LOG_COND[m[Kâ€™
  575 | #define ROS_LOG(level, name, ...) [01;36m[KROS_LOG_COND[m[K(true, level, name, __VA_ARGS__)
      |                                   [01;36m[K^~~~~~~~~~~~[m[K
[01m[K/opt/ros/noetic/include/rosconsole/macros_generated.h:110:23:[m[K [01;36m[Knote: [m[Kin expansion of macro â€˜[01m[KROS_LOG[m[Kâ€™
  110 | #define ROS_INFO(...) [01;36m[KROS_LOG[m[K(::ros::console::levels::Info, ROSCONSOLE_DEFAULT_NAME, __VA_ARGS__)
      |                       [01;36m[K^~~~~~~[m[K
[01m[K/home/lin/Workspaces/Programming-for-Robotics-ROS/smb_ws/src/smb_highlevel_controller/src/SmbHighlevelController.cpp:67:5:[m[K [01;36m[Knote: [m[Kin expansion of macro â€˜[01m[KROS_INFO[m[Kâ€™
   67 |     [01;36m[KROS_INFO[m[K("angular velocity command: %f", msg.angular.z);
      |     [01;36m[K^~~~~~~~[m[K
make[2]: *** [CMakeFiles/smb_highlevel_controller.dir/build.make:76: CMakeFiles/smb_highlevel_controller.dir/src/SmbHighlevelController.cpp.o] Error 1
make[1]: *** [CMakeFiles/Makefile2:165: CMakeFiles/smb_highlevel_controller.dir/all] Error 2
make: *** [Makefile:141: all] Error 2
