[01m[K/home/lin/Workspaces/Programming-for-Robotics-ROS/smb_ws/src/smb_highlevel_controller/src/SmbHighlevelController.cpp:[m[K In member function â€˜[01m[Kvoid smb_highlevel_controller::SmbHighlevelController::topicCallback(const ConstPtr&)[m[Kâ€™:
[01m[K/home/lin/Workspaces/Programming-for-Robotics-ROS/smb_ws/src/smb_highlevel_controller/src/SmbHighlevelController.cpp:73:40:[m[K [01;31m[Kerror: [m[Kâ€˜[01m[Kclass smb_highlevel_controller::SmbHighlevelController[m[Kâ€™ has no member named â€˜[01m[Kproportional[m[Kâ€™
   73 |         velo_command.angular.z = this->[01;31m[Kproportional[m[K * angle_to_middle;
      |                                        [01;31m[K^~~~~~~~~~~~[m[K
[01m[K/home/lin/Workspaces/Programming-for-Robotics-ROS/smb_ws/src/smb_highlevel_controller/src/SmbHighlevelController.cpp:89:39:[m[K [01;31m[Kerror: [m[Kâ€˜[01m[Kclass smb_highlevel_controller::SmbHighlevelController[m[Kâ€™ has no member named â€˜[01m[Kproportional[m[Kâ€™
   89 |         velo_command.linear.x = this->[01;31m[Kproportional[m[K * min;
      |                                       [01;31m[K^~~~~~~~~~~~[m[K
make[2]: *** [CMakeFiles/smb_highlevel_controller.dir/build.make:76: CMakeFiles/smb_highlevel_controller.dir/src/SmbHighlevelController.cpp.o] Error 1
make[1]: *** [CMakeFiles/Makefile2:165: CMakeFiles/smb_highlevel_controller.dir/all] Error 2
make: *** [Makefile:141: all] Error 2
