[01m[K/home/lin/Workspaces/Programming-for-Robotics-ROS/smb_ws/src/smb_highlevel_controller/src/SmbHighlevelController.cpp:[m[K In constructor â€˜[01m[Ksmb_highlevel_controller::SmbHighlevelController::SmbHighlevelController(ros::NodeHandle&)[m[Kâ€™:
[01m[K/home/lin/Workspaces/Programming-for-Robotics-ROS/smb_ws/src/smb_highlevel_controller/src/SmbHighlevelController.cpp:29:63:[m[K [01;31m[Kerror: [m[Kinvalid use of non-static member function â€˜[01m[Kbool smb_highlevel_controller::SmbHighlevelController::stopCallback(std_srvs::SetBool::Request&, std_srvs::SetBool::Response&)[m[Kâ€™
   29 |     stop_service = nodeHandle_.advertiseService(service_name, [01;31m[KstopCallback[m[K);
      |                                                               [01;31m[K^~~~~~~~~~~~[m[K
In file included from [01m[K/home/lin/Workspaces/Programming-for-Robotics-ROS/smb_ws/src/smb_highlevel_controller/src/SmbHighlevelController.cpp:1[m[K:
[01m[K/home/lin/Workspaces/Programming-for-Robotics-ROS/smb_ws/src/smb_highlevel_controller/include/smb_highlevel_controller/SmbHighlevelController.hpp:38:8:[m[K [01;36m[Knote: [m[Kdeclared here
   38 |   bool [01;36m[KstopCallback[m[K(std_srvs::SetBool::Request &request,
      |        [01;36m[K^~~~~~~~~~~~[m[K
[01m[K/home/lin/Workspaces/Programming-for-Robotics-ROS/smb_ws/src/smb_highlevel_controller/src/SmbHighlevelController.cpp:[m[K In function â€˜[01m[Kbool smb_highlevel_controller::stopCallback(std_srvs::SetBool::Request&, std_srvs::SetBool::Response&)[m[Kâ€™:
[01m[K/home/lin/Workspaces/Programming-for-Robotics-ROS/smb_ws/src/smb_highlevel_controller/src/SmbHighlevelController.cpp:47:7:[m[K [01;31m[Kerror: [m[Kâ€˜[01m[Kstop[m[Kâ€™ was not declared in this scope
   47 |       [01;31m[Kstop[m[K = true;
      |       [01;31m[K^~~~[m[K
[01m[K/home/lin/Workspaces/Programming-for-Robotics-ROS/smb_ws/src/smb_highlevel_controller/src/SmbHighlevelController.cpp:51:7:[m[K [01;31m[Kerror: [m[Kâ€˜[01m[Kstop[m[Kâ€™ was not declared in this scope
   51 |       [01;31m[Kstop[m[K = false;
      |       [01;31m[K^~~~[m[K
[01m[K/home/lin/Workspaces/Programming-for-Robotics-ROS/smb_ws/src/smb_highlevel_controller/src/SmbHighlevelController.cpp:54:5:[m[K [01;31m[Kerror: [m[Kâ€˜[01m[Kres[m[Kâ€™ was not declared in this scope; did you mean â€˜[01m[Kros[m[Kâ€™?
   54 |     [01;31m[Kres[m[K.success = true;
      |     [01;31m[K^~~[m[K
      |     [32m[Kros[m[K
make[2]: *** [CMakeFiles/smb_highlevel_controller.dir/build.make:76: CMakeFiles/smb_highlevel_controller.dir/src/SmbHighlevelController.cpp.o] Error 1
make[1]: *** [CMakeFiles/Makefile2:165: CMakeFiles/smb_highlevel_controller.dir/all] Error 2
make: *** [Makefile:141: all] Error 2
